<?xml version="1.0" encoding="UTF-8"?>
<!-- Generated by org.testng.reporters.JUnitReportReporter -->
<testsuite hostname="DESKTOP-N9IAUI1" failures="0" tests="1" name="EndToEndTestCases.RediffWebsite" time="3.318" errors="0" timestamp="06 Sep 2019 15:51:02 GMT" skipped="0">
  <testcase classname="EndToEndTestCases.RediffWebsite" name="HomePageLogin" time="3.318"/>
</testsuite> <!-- EndToEndTestCases.RediffWebsite -->
