<?xml version="1.0" encoding="UTF-8"?>
<!-- Generated by org.testng.reporters.JUnitReportReporter -->
<testsuite hostname="DESKTOP-N9IAUI1" failures="0" tests="1" name="EndToEndTestCases.base" time="3.143" errors="0" timestamp="24 Aug 2019 17:20:32 GMT" skipped="0">
  <testcase classname="EndToEndTestCases.base" name="initializedDriver" time="3.143"/>
</testsuite> <!-- EndToEndTestCases.base -->
