<?xml version="1.0" encoding="UTF-8"?>
<!-- Generated by org.testng.reporters.JUnitReportReporter -->
<testsuite hostname="DESKTOP-N9IAUI1" failures="0" tests="1" name="CucumberOptions.TestRunner" time="17.326" errors="0" timestamp="06 Sep 2019 17:42:57 GMT" skipped="0">
  <testcase classname="CucumberOptions.TestRunner" name="feature" time="17.326"/>
</testsuite> <!-- CucumberOptions.TestRunner -->
