<?xml version="1.0" encoding="UTF-8"?>
<!-- Generated by org.testng.reporters.JUnitReportReporter -->
<testsuite hostname="DESKTOP-N9IAUI1" failures="0" tests="1" name="EndToEndTestCases.RediffWebsite" time="3.342" errors="0" timestamp="2019-08-30T00:28:05 IST" skipped="0">
  <testcase classname="EndToEndTestCases.RediffWebsite" name="HomePageLogin" time="3.342"/>
</testsuite> <!-- EndToEndTestCases.RediffWebsite -->
