<?xml version="1.0" encoding="UTF-8"?>
<!-- Generated by org.testng.reporters.JUnitReportReporter -->
<testsuite hostname="DESKTOP-N9IAUI1" failures="0" tests="1" name="EndToEndTestCases.Validation" time="0.054" errors="0" timestamp="2019-08-30T00:28:05 IST" skipped="0">
  <testcase classname="EndToEndTestCases.Validation" name="Validation" time="0.054"/>
</testsuite> <!-- EndToEndTestCases.Validation -->
